
Chord progressions for Major and Minor Scales
---------------------------------------------

Key Signature of Major Scale : { 2, 2, 1, 2, 2, 2, 1 } 

Key Signature of Minor Scale : { 2, 1, 2, 2, 1, 2, 2 } 


DEGREE / POSITION	:	[1]	[2]	[3]	[4]	[5]	[6]	[7]
Major scale of A	:	A	B	C#	D	E	F#	G#	
A Major chord		:	A	--	C#	--	E	--	--	<<-- Play notes together in positions 1, 3 and 5
A Major Power chord	:	A	--	--	--	E	--	--	<<-- Play notes together in positions 1 and 5
A Major 7th chord	:	A	--	C#	--	E	--	G#	<<-- Play notes together in positions 1, 3, 5 and 7
A Major sust. chord	:	A	B	--	--	E	--	--	<<-- Play notes together in positions 2 and 5
-----------------------------------------------------------------------------------

DEGREE / POSITION	:	[1]	[2]	[3]	[4]	[5]	[6]	[7]
Minor scale of A	:	A	B	C	D	E	F	G	
A Minor chord		:	A	--	C	--	E	--	--	<<-- Play notes together in positions 1, 3 and 5
A Minor Power chord	:	A	--	--	--	E	--	--	<<-- Play notes together in positions 1 and 5
A Minor 7th chord	:	A	--	C	--	E	--	G	<<-- Play notes together in positions 1, 3, 5 and 7
A Minor sust. chord	:	A	B	--	--	E	--	--	<<-- Play notes together in positions 2 and 5
-----------------------------------------------------------------------------------

DEGREE / POSITION	:	[1]	[2]	[3]	[4]	[5]	[6]	[7]
Major scale of A#	:	A#	C	D	D#	F	G	A	
A# Major chord		:	A#	--	D	--	F	--	--	<<-- Play notes together in positions 1, 3 and 5
A# Major Power chord	:	A#	--	--	--	F	--	--	<<-- Play notes together in positions 1 and 5
A# Major 7th chord	:	A#	--	D	--	F	--	A	<<-- Play notes together in positions 1, 3, 5 and 7
A# Major sust. chord	:	A#	C	--	--	F	--	--	<<-- Play notes together in positions 2 and 5
-----------------------------------------------------------------------------------

DEGREE / POSITION	:	[1]	[2]	[3]	[4]	[5]	[6]	[7]
Minor scale of A#	:	A#	C	C#	D#	F	F#	G#	
A# Minor chord		:	A#	--	C#	--	F	--	--	<<-- Play notes together in positions 1, 3 and 5
A# Minor Power chord	:	A#	--	--	--	F	--	--	<<-- Play notes together in positions 1 and 5
A# Minor 7th chord	:	A#	--	C#	--	F	--	G#	<<-- Play notes together in positions 1, 3, 5 and 7
A# Minor sust. chord	:	A#	C	--	--	F	--	--	<<-- Play notes together in positions 2 and 5
-----------------------------------------------------------------------------------

DEGREE / POSITION	:	[1]	[2]	[3]	[4]	[5]	[6]	[7]
Major scale of B	:	B	C#	D#	E	F#	G#	A#	
B Major chord		:	B	--	D#	--	F#	--	--	<<-- Play notes together in positions 1, 3 and 5
B Major Power chord	:	B	--	--	--	F#	--	--	<<-- Play notes together in positions 1 and 5
B Major 7th chord	:	B	--	D#	--	F#	--	A#	<<-- Play notes together in positions 1, 3, 5 and 7
B Major sust. chord	:	B	C#	--	--	F#	--	--	<<-- Play notes together in positions 2 and 5
-----------------------------------------------------------------------------------

DEGREE / POSITION	:	[1]	[2]	[3]	[4]	[5]	[6]	[7]
Minor scale of B	:	B	C#	D	E	F#	G	A	
B Minor chord		:	B	--	D	--	F#	--	--	<<-- Play notes together in positions 1, 3 and 5
B Minor Power chord	:	B	--	--	--	F#	--	--	<<-- Play notes together in positions 1 and 5
B Minor 7th chord	:	B	--	D	--	F#	--	A	<<-- Play notes together in positions 1, 3, 5 and 7
B Minor sust. chord	:	B	C#	--	--	F#	--	--	<<-- Play notes together in positions 2 and 5
-----------------------------------------------------------------------------------

DEGREE / POSITION	:	[1]	[2]	[3]	[4]	[5]	[6]	[7]
Major scale of C	:	C	D	E	F	G	A	B	
C Major chord		:	C	--	E	--	G	--	--	<<-- Play notes together in positions 1, 3 and 5
C Major Power chord	:	C	--	--	--	G	--	--	<<-- Play notes together in positions 1 and 5
C Major 7th chord	:	C	--	E	--	G	--	B	<<-- Play notes together in positions 1, 3, 5 and 7
C Major sust. chord	:	C	D	--	--	G	--	--	<<-- Play notes together in positions 2 and 5
-----------------------------------------------------------------------------------

DEGREE / POSITION	:	[1]	[2]	[3]	[4]	[5]	[6]	[7]
Minor scale of C	:	C	D	D#	F	G	G#	A#	
C Minor chord		:	C	--	D#	--	G	--	--	<<-- Play notes together in positions 1, 3 and 5
C Minor Power chord	:	C	--	--	--	G	--	--	<<-- Play notes together in positions 1 and 5
C Minor 7th chord	:	C	--	D#	--	G	--	A#	<<-- Play notes together in positions 1, 3, 5 and 7
C Minor sust. chord	:	C	D	--	--	G	--	--	<<-- Play notes together in positions 2 and 5
-----------------------------------------------------------------------------------

DEGREE / POSITION	:	[1]	[2]	[3]	[4]	[5]	[6]	[7]
Major scale of C#	:	C#	D#	F	F#	G#	A#	C	
C# Major chord		:	C#	--	F	--	G#	--	--	<<-- Play notes together in positions 1, 3 and 5
C# Major Power chord	:	C#	--	--	--	G#	--	--	<<-- Play notes together in positions 1 and 5
C# Major 7th chord	:	C#	--	F	--	G#	--	C	<<-- Play notes together in positions 1, 3, 5 and 7
C# Major sust. chord	:	C#	D#	--	--	G#	--	--	<<-- Play notes together in positions 2 and 5
-----------------------------------------------------------------------------------

DEGREE / POSITION	:	[1]	[2]	[3]	[4]	[5]	[6]	[7]
Minor scale of C#	:	C#	D#	E	F#	G#	A	B	
C# Minor chord		:	C#	--	E	--	G#	--	--	<<-- Play notes together in positions 1, 3 and 5
C# Minor Power chord	:	C#	--	--	--	G#	--	--	<<-- Play notes together in positions 1 and 5
C# Minor 7th chord	:	C#	--	E	--	G#	--	B	<<-- Play notes together in positions 1, 3, 5 and 7
C# Minor sust. chord	:	C#	D#	--	--	G#	--	--	<<-- Play notes together in positions 2 and 5
-----------------------------------------------------------------------------------

DEGREE / POSITION	:	[1]	[2]	[3]	[4]	[5]	[6]	[7]
Major scale of D	:	D	E	F#	G	A	B	C#	
D Major chord		:	D	--	F#	--	A	--	--	<<-- Play notes together in positions 1, 3 and 5
D Major Power chord	:	D	--	--	--	A	--	--	<<-- Play notes together in positions 1 and 5
D Major 7th chord	:	D	--	F#	--	A	--	C#	<<-- Play notes together in positions 1, 3, 5 and 7
D Major sust. chord	:	D	E	--	--	A	--	--	<<-- Play notes together in positions 2 and 5
-----------------------------------------------------------------------------------

DEGREE / POSITION	:	[1]	[2]	[3]	[4]	[5]	[6]	[7]
Minor scale of D	:	D	E	F	G	A	A#	C	
D Minor chord		:	D	--	F	--	A	--	--	<<-- Play notes together in positions 1, 3 and 5
D Minor Power chord	:	D	--	--	--	A	--	--	<<-- Play notes together in positions 1 and 5
D Minor 7th chord	:	D	--	F	--	A	--	C	<<-- Play notes together in positions 1, 3, 5 and 7
D Minor sust. chord	:	D	E	--	--	A	--	--	<<-- Play notes together in positions 2 and 5
-----------------------------------------------------------------------------------

DEGREE / POSITION	:	[1]	[2]	[3]	[4]	[5]	[6]	[7]
Major scale of D#	:	D#	F	G	G#	A#	C	D	
D# Major chord		:	D#	--	G	--	A#	--	--	<<-- Play notes together in positions 1, 3 and 5
D# Major Power chord	:	D#	--	--	--	A#	--	--	<<-- Play notes together in positions 1 and 5
D# Major 7th chord	:	D#	--	G	--	A#	--	D	<<-- Play notes together in positions 1, 3, 5 and 7
D# Major sust. chord	:	D#	F	--	--	A#	--	--	<<-- Play notes together in positions 2 and 5
-----------------------------------------------------------------------------------

DEGREE / POSITION	:	[1]	[2]	[3]	[4]	[5]	[6]	[7]
Minor scale of D#	:	D#	F	F#	G#	A#	B	C#	
D# Minor chord		:	D#	--	F#	--	A#	--	--	<<-- Play notes together in positions 1, 3 and 5
D# Minor Power chord	:	D#	--	--	--	A#	--	--	<<-- Play notes together in positions 1 and 5
D# Minor 7th chord	:	D#	--	F#	--	A#	--	C#	<<-- Play notes together in positions 1, 3, 5 and 7
D# Minor sust. chord	:	D#	F	--	--	A#	--	--	<<-- Play notes together in positions 2 and 5
-----------------------------------------------------------------------------------

DEGREE / POSITION	:	[1]	[2]	[3]	[4]	[5]	[6]	[7]
Major scale of E	:	E	F#	G#	A	B	C#	D#	
E Major chord		:	E	--	G#	--	B	--	--	<<-- Play notes together in positions 1, 3 and 5
E Major Power chord	:	E	--	--	--	B	--	--	<<-- Play notes together in positions 1 and 5
E Major 7th chord	:	E	--	G#	--	B	--	D#	<<-- Play notes together in positions 1, 3, 5 and 7
E Major sust. chord	:	E	F#	--	--	B	--	--	<<-- Play notes together in positions 2 and 5
-----------------------------------------------------------------------------------

DEGREE / POSITION	:	[1]	[2]	[3]	[4]	[5]	[6]	[7]
Minor scale of E	:	E	F#	G	A	B	C	D	
E Minor chord		:	E	--	G	--	B	--	--	<<-- Play notes together in positions 1, 3 and 5
E Minor Power chord	:	E	--	--	--	B	--	--	<<-- Play notes together in positions 1 and 5
E Minor 7th chord	:	E	--	G	--	B	--	D	<<-- Play notes together in positions 1, 3, 5 and 7
E Minor sust. chord	:	E	F#	--	--	B	--	--	<<-- Play notes together in positions 2 and 5
-----------------------------------------------------------------------------------

DEGREE / POSITION	:	[1]	[2]	[3]	[4]	[5]	[6]	[7]
Major scale of F	:	F	G	A	A#	C	D	E	
F Major chord		:	F	--	A	--	C	--	--	<<-- Play notes together in positions 1, 3 and 5
F Major Power chord	:	F	--	--	--	C	--	--	<<-- Play notes together in positions 1 and 5
F Major 7th chord	:	F	--	A	--	C	--	E	<<-- Play notes together in positions 1, 3, 5 and 7
F Major sust. chord	:	F	G	--	--	C	--	--	<<-- Play notes together in positions 2 and 5
-----------------------------------------------------------------------------------

DEGREE / POSITION	:	[1]	[2]	[3]	[4]	[5]	[6]	[7]
Minor scale of F	:	F	G	G#	A#	C	C#	D#	
F Minor chord		:	F	--	G#	--	C	--	--	<<-- Play notes together in positions 1, 3 and 5
F Minor Power chord	:	F	--	--	--	C	--	--	<<-- Play notes together in positions 1 and 5
F Minor 7th chord	:	F	--	G#	--	C	--	D#	<<-- Play notes together in positions 1, 3, 5 and 7
F Minor sust. chord	:	F	G	--	--	C	--	--	<<-- Play notes together in positions 2 and 5
-----------------------------------------------------------------------------------

DEGREE / POSITION	:	[1]	[2]	[3]	[4]	[5]	[6]	[7]
Major scale of F#	:	F#	G#	A#	B	C#	D#	F	
F# Major chord		:	F#	--	A#	--	C#	--	--	<<-- Play notes together in positions 1, 3 and 5
F# Major Power chord	:	F#	--	--	--	C#	--	--	<<-- Play notes together in positions 1 and 5
F# Major 7th chord	:	F#	--	A#	--	C#	--	F	<<-- Play notes together in positions 1, 3, 5 and 7
F# Major sust. chord	:	F#	G#	--	--	C#	--	--	<<-- Play notes together in positions 2 and 5
-----------------------------------------------------------------------------------

DEGREE / POSITION	:	[1]	[2]	[3]	[4]	[5]	[6]	[7]
Minor scale of F#	:	F#	G#	A	B	C#	D	E	
F# Minor chord		:	F#	--	A	--	C#	--	--	<<-- Play notes together in positions 1, 3 and 5
F# Minor Power chord	:	F#	--	--	--	C#	--	--	<<-- Play notes together in positions 1 and 5
F# Minor 7th chord	:	F#	--	A	--	C#	--	E	<<-- Play notes together in positions 1, 3, 5 and 7
F# Minor sust. chord	:	F#	G#	--	--	C#	--	--	<<-- Play notes together in positions 2 and 5
-----------------------------------------------------------------------------------

DEGREE / POSITION	:	[1]	[2]	[3]	[4]	[5]	[6]	[7]
Major scale of G	:	G	A	B	C	D	E	F#	
G Major chord		:	G	--	B	--	D	--	--	<<-- Play notes together in positions 1, 3 and 5
G Major Power chord	:	G	--	--	--	D	--	--	<<-- Play notes together in positions 1 and 5
G Major 7th chord	:	G	--	B	--	D	--	F#	<<-- Play notes together in positions 1, 3, 5 and 7
G Major sust. chord	:	G	A	--	--	D	--	--	<<-- Play notes together in positions 2 and 5
-----------------------------------------------------------------------------------

DEGREE / POSITION	:	[1]	[2]	[3]	[4]	[5]	[6]	[7]
Minor scale of G	:	G	A	A#	C	D	D#	F	
G Minor chord		:	G	--	A#	--	D	--	--	<<-- Play notes together in positions 1, 3 and 5
G Minor Power chord	:	G	--	--	--	D	--	--	<<-- Play notes together in positions 1 and 5
G Minor 7th chord	:	G	--	A#	--	D	--	F	<<-- Play notes together in positions 1, 3, 5 and 7
G Minor sust. chord	:	G	A	--	--	D	--	--	<<-- Play notes together in positions 2 and 5
-----------------------------------------------------------------------------------

DEGREE / POSITION	:	[1]	[2]	[3]	[4]	[5]	[6]	[7]
Major scale of G#	:	G#	A#	C	C#	D#	F	G	
G# Major chord		:	G#	--	C	--	D#	--	--	<<-- Play notes together in positions 1, 3 and 5
G# Major Power chord	:	G#	--	--	--	D#	--	--	<<-- Play notes together in positions 1 and 5
G# Major 7th chord	:	G#	--	C	--	D#	--	G	<<-- Play notes together in positions 1, 3, 5 and 7
G# Major sust. chord	:	G#	A#	--	--	D#	--	--	<<-- Play notes together in positions 2 and 5
-----------------------------------------------------------------------------------

DEGREE / POSITION	:	[1]	[2]	[3]	[4]	[5]	[6]	[7]
Minor scale of G#	:	G#	A#	B	C#	D#	E	F#	
G# Minor chord		:	G#	--	B	--	D#	--	--	<<-- Play notes together in positions 1, 3 and 5
G# Minor Power chord	:	G#	--	--	--	D#	--	--	<<-- Play notes together in positions 1 and 5
G# Minor 7th chord	:	G#	--	B	--	D#	--	F#	<<-- Play notes together in positions 1, 3, 5 and 7
G# Minor sust. chord	:	G#	A#	--	--	D#	--	--	<<-- Play notes together in positions 2 and 5
-----------------------------------------------------------------------------------

